<?xml version="1.0" encoding="UTF-8"?>
<!-- Generated by org.testng.reporters.JUnitReportReporter -->
<testsuite hostname="QTs-MacBook-Pro.fibertel.com.ar" failures="0" tests="2" name="parking.tests.LoginTests" time="37.144" errors="0" timestamp="26 Jul 2022 05:16:08 GMT" skipped="0">
  <testcase classname="parking.tests.LoginTests" name="positiveLogin" time="16.597"/>
  <testcase classname="parking.tests.LoginTests" name="negativeLoginWithInvalidCredentials" time="20.547"/>
</testsuite> <!-- parking.tests.LoginTests -->
